<?xml version="1.0" encoding="UTF-8"?>
<!-- Generated by org.testng.reporters.JUnitXMLReporter -->
<testsuite ignored="0" hostname="DESKTOP-O5FPK5O" failures="0" tests="2" name="firefox" time="5.85" errors="0" timestamp="2025-05-19T21:17:29 IST">
  <testcase classname="com.TestNG.TestCasesOnFrontaccounting" name="SalesOrderEntry" time="0.0">
    <skipped/>
  </testcase> <!-- SalesOrderEntry -->
  <testcase classname="com.TestNG.TestCasesOnFrontaccounting" name="SalesQuotationEntry" time="0.0">
    <skipped/>
  </testcase> <!-- SalesQuotationEntry -->
</testsuite> <!-- firefox -->
