<?xml version="1.0" encoding="UTF-8"?>
<testng-results ignored="0" total="4" passed="4" failed="0" skipped="0">
  <reporter-output>
  </reporter-output>
  <suite started-at="2025-06-03T20:36:26 IST" name="Default suite" finished-at="2025-06-03T20:36:56 IST" duration-ms="30884">
    <groups>
      <group name="cucumber">
        <method signature="AbstractTestNGCucumberTests.runScenario(io.cucumber.testng.PickleWrapper,io.cucumber.testng.FeatureWrapper)[pri:0, instance:com.executor.Runner@7d8704ef]" name="runScenario" class="io.cucumber.testng.AbstractTestNGCucumberTests"/>
      </group> <!-- cucumber -->
    </groups>
    <test started-at="2025-06-03T20:36:26 IST" name="Default test" finished-at="2025-06-03T20:36:56 IST" duration-ms="30884">
      <class name="com.executor.Runner">
        <test-method is-config="true" signature="setUpClass(org.testng.ITestContext)[pri:0, instance:com.executor.Runner@7d8704ef]" started-at="2025-06-03T20:36:26 IST" name="setUpClass" finished-at="2025-06-03T20:36:26 IST" duration-ms="455" status="PASS">
          <params>
            <param index="0">
              <value>
                <![CDATA[org.testng.TestRunner@47b67fcb]]>
              </value>
            </param>
          </params>
          <reporter-output>
          </reporter-output>
        </test-method> <!-- setUpClass -->
        <test-method signature="runScenario(io.cucumber.testng.PickleWrapper,io.cucumber.testng.FeatureWrapper)[pri:0, instance:com.executor.Runner@7d8704ef]" started-at="2025-06-03T20:36:26 IST" name="runScenario" description="Runs Cucumber Scenarios" data-provider="scenarios" finished-at="2025-06-03T20:36:31 IST" duration-ms="5103" status="PASS">
          <params>
            <param index="0">
              <value>
                <![CDATA["Verify the functionality of login"]]>
              </value>
            </param>
            <param index="1">
              <value>
                <![CDATA["Login"]]>
              </value>
            </param>
          </params>
          <reporter-output>
          </reporter-output>
        </test-method> <!-- runScenario -->
        <test-method signature="runScenario(io.cucumber.testng.PickleWrapper,io.cucumber.testng.FeatureWrapper)[pri:0, instance:com.executor.Runner@7d8704ef]" started-at="2025-06-03T20:36:31 IST" name="runScenario" description="Runs Cucumber Scenarios" data-provider="scenarios" finished-at="2025-06-03T20:36:39 IST" duration-ms="8282" status="PASS">
          <params>
            <param index="0">
              <value>
                <![CDATA["verify functionality of search by search data."]]>
              </value>
            </param>
            <param index="1">
              <value>
                <![CDATA["search"]]>
              </value>
            </param>
          </params>
          <reporter-output>
          </reporter-output>
        </test-method> <!-- runScenario -->
        <test-method signature="runScenario(io.cucumber.testng.PickleWrapper,io.cucumber.testng.FeatureWrapper)[pri:0, instance:com.executor.Runner@7d8704ef]" started-at="2025-06-03T20:36:39 IST" name="runScenario" description="Runs Cucumber Scenarios" data-provider="scenarios" finished-at="2025-06-03T20:36:48 IST" duration-ms="8250" status="PASS">
          <params>
            <param index="0">
              <value>
                <![CDATA["verify functionality of search by search data."]]>
              </value>
            </param>
            <param index="1">
              <value>
                <![CDATA["search"]]>
              </value>
            </param>
          </params>
          <reporter-output>
          </reporter-output>
        </test-method> <!-- runScenario -->
        <test-method signature="runScenario(io.cucumber.testng.PickleWrapper,io.cucumber.testng.FeatureWrapper)[pri:0, instance:com.executor.Runner@7d8704ef]" started-at="2025-06-03T20:36:48 IST" name="runScenario" description="Runs Cucumber Scenarios" data-provider="scenarios" finished-at="2025-06-03T20:36:56 IST" duration-ms="8737" status="PASS">
          <params>
            <param index="0">
              <value>
                <![CDATA["verify functionality of search by search data."]]>
              </value>
            </param>
            <param index="1">
              <value>
                <![CDATA["search"]]>
              </value>
            </param>
          </params>
          <reporter-output>
          </reporter-output>
        </test-method> <!-- runScenario -->
        <test-method is-config="true" signature="tearDownClass()[pri:0, instance:com.executor.Runner@7d8704ef]" started-at="2025-06-03T20:36:56 IST" name="tearDownClass" finished-at="2025-06-03T20:36:56 IST" duration-ms="16" status="PASS">
          <reporter-output>
          </reporter-output>
        </test-method> <!-- tearDownClass -->
      </class> <!-- com.executor.Runner -->
    </test> <!-- Default test -->
  </suite> <!-- Default suite -->
</testng-results>
