<?xml version="1.0" encoding="UTF-8"?>
<testng-results ignored="0" total="2" passed="2" failed="0" skipped="0">
  <reporter-output>
  </reporter-output>
  <suite started-at="2025-06-16T20:52:12 IST" name="Suite" finished-at="2025-06-16T20:52:40 IST" duration-ms="28237">
    <groups>
    </groups>
    <test started-at="2025-06-16T20:52:12 IST" name="Test" finished-at="2025-06-16T20:52:40 IST" duration-ms="28237">
      <class name="com.TestNG.TestNGFeature">
        <test-method signature="facebook()[pri:0, instance:com.TestNG.TestNGFeature@815b41f]" started-at="2025-06-16T20:52:12 IST" name="facebook" finished-at="2025-06-16T20:52:40 IST" duration-ms="27438" status="PASS">
          <reporter-output>
          </reporter-output>
        </test-method> <!-- facebook -->
        <test-method signature="google()[pri:0, instance:com.TestNG.TestNGFeature@815b41f]" started-at="2025-06-16T20:52:12 IST" name="google" finished-at="2025-06-16T20:52:40 IST" duration-ms="28192" status="PASS">
          <reporter-output>
          </reporter-output>
        </test-method> <!-- google -->
      </class> <!-- com.TestNG.TestNGFeature -->
    </test> <!-- Test -->
  </suite> <!-- Suite -->
</testng-results>
